<?xml version="1.0" encoding="UTF-8"?>
<testng-results skipped="0" failed="0" ignored="0" total="3" passed="3">
  <reporter-output>
  </reporter-output>
  <suite name="Hub Spot Test Suite" duration-ms="62922" started-at="2019-10-08T12:23:01Z" finished-at="2019-10-08T12:24:04Z">
    <groups>
    </groups>
    <test name="hub spot regression Test" duration-ms="62922" started-at="2019-10-08T12:23:01Z" finished-at="2019-10-08T12:24:04Z">
      <class name="com.qa.hubspot.Tests.LoginPageTest">
        <test-method status="PASS" signature="setUp()[pri:0, instance:com.qa.hubspot.Tests.LoginPageTest@10d59286]" name="setUp" is-config="true" duration-ms="22828" started-at="2019-10-08T12:23:01Z" finished-at="2019-10-08T12:23:24Z">
          <reporter-output>
          </reporter-output>
        </test-method> <!-- setUp -->
        <test-method status="PASS" signature="loginPageTitleTest()[pri:1, instance:com.qa.hubspot.Tests.LoginPageTest@10d59286]" name="loginPageTitleTest" duration-ms="3096" started-at="2019-10-08T12:23:24Z" finished-at="2019-10-08T12:23:27Z">
          <reporter-output>
          </reporter-output>
        </test-method> <!-- loginPageTitleTest -->
        <test-method status="PASS" signature="tearDown()[pri:0, instance:com.qa.hubspot.Tests.LoginPageTest@10d59286]" name="tearDown" is-config="true" duration-ms="959" started-at="2019-10-08T12:23:27Z" finished-at="2019-10-08T12:23:28Z">
          <reporter-output>
          </reporter-output>
        </test-method> <!-- tearDown -->
        <test-method status="PASS" signature="setUp()[pri:0, instance:com.qa.hubspot.Tests.LoginPageTest@10d59286]" name="setUp" is-config="true" duration-ms="9710" started-at="2019-10-08T12:23:28Z" finished-at="2019-10-08T12:23:38Z">
          <reporter-output>
          </reporter-output>
        </test-method> <!-- setUp -->
        <test-method status="PASS" signature="signUpLinkTest()[pri:2, instance:com.qa.hubspot.Tests.LoginPageTest@10d59286]" name="signUpLinkTest" duration-ms="3758" started-at="2019-10-08T12:23:38Z" finished-at="2019-10-08T12:23:41Z">
          <reporter-output>
          </reporter-output>
        </test-method> <!-- signUpLinkTest -->
        <test-method status="PASS" signature="tearDown()[pri:0, instance:com.qa.hubspot.Tests.LoginPageTest@10d59286]" name="tearDown" is-config="true" duration-ms="674" started-at="2019-10-08T12:23:42Z" finished-at="2019-10-08T12:23:42Z">
          <reporter-output>
          </reporter-output>
        </test-method> <!-- tearDown -->
        <test-method status="PASS" signature="setUp()[pri:0, instance:com.qa.hubspot.Tests.LoginPageTest@10d59286]" name="setUp" is-config="true" duration-ms="9700" started-at="2019-10-08T12:23:42Z" finished-at="2019-10-08T12:23:52Z">
          <reporter-output>
          </reporter-output>
        </test-method> <!-- setUp -->
        <test-method status="PASS" signature="doLoginTest()[pri:3, instance:com.qa.hubspot.Tests.LoginPageTest@10d59286]" name="doLoginTest" duration-ms="11400" started-at="2019-10-08T12:23:52Z" finished-at="2019-10-08T12:24:03Z">
          <reporter-output>
          </reporter-output>
        </test-method> <!-- doLoginTest -->
        <test-method status="PASS" signature="tearDown()[pri:0, instance:com.qa.hubspot.Tests.LoginPageTest@10d59286]" name="tearDown" is-config="true" duration-ms="703" started-at="2019-10-08T12:24:03Z" finished-at="2019-10-08T12:24:04Z">
          <reporter-output>
          </reporter-output>
        </test-method> <!-- tearDown -->
      </class> <!-- com.qa.hubspot.Tests.LoginPageTest -->
    </test> <!-- hub spot regression Test -->
  </suite> <!-- Hub Spot Test Suite -->
</testng-results>
