<?xml version="1.0" encoding="UTF-8"?>
<!-- Generated by org.testng.reporters.JUnitXMLReporter -->
<testsuite hostname="Sreenath-Pc" ignored="0" name="hub spot regression Test" tests="3" failures="0" timestamp="08 Oct 2019 12:24:04 GMT" time="62.922" errors="0">
  <testcase name="loginPageTitleTest" time="3.096" classname="com.qa.hubspot.Tests.LoginPageTest"/>
  <testcase name="signUpLinkTest" time="3.758" classname="com.qa.hubspot.Tests.LoginPageTest"/>
  <testcase name="doLoginTest" time="11.4" classname="com.qa.hubspot.Tests.LoginPageTest"/>
</testsuite> <!-- hub spot regression Test -->
